<?xml version="1.0" encoding="UTF-8"?>
<testng-results ignored="0" total="2" passed="2" failed="0" skipped="0">
  <reporter-output>
  </reporter-output>
  <suite started-at="2023-08-15T07:05:22 IST" name="Default suite" finished-at="2023-08-15T07:05:31 IST" duration-ms="8310">
    <groups>
    </groups>
    <test started-at="2023-08-15T07:05:22 IST" name="Default test" finished-at="2023-08-15T07:05:31 IST" duration-ms="8310">
      <class name="UITesting.Katalon.LoginTests">
        <test-method is-config="true" signature="SetUp()[pri:0, instance:UITesting.Katalon.LoginTests@624ea235]" started-at="2023-08-15T07:05:15 IST" name="SetUp" finished-at="2023-08-15T07:05:22 IST" duration-ms="6935" status="PASS">
          <reporter-output>
          </reporter-output>
        </test-method> <!-- SetUp -->
        <test-method signature="InvalidLogin()[pri:0, instance:UITesting.Katalon.LoginTests@624ea235]" started-at="2023-08-15T07:05:23 IST" name="InvalidLogin" finished-at="2023-08-15T07:05:28 IST" duration-ms="5652" status="PASS">
          <reporter-output>
          </reporter-output>
        </test-method> <!-- InvalidLogin -->
        <test-method signature="ValidLogin()[pri:0, instance:UITesting.Katalon.LoginTests@624ea235]" started-at="2023-08-15T07:05:28 IST" name="ValidLogin" finished-at="2023-08-15T07:05:31 IST" duration-ms="2259" status="PASS">
          <reporter-output>
          </reporter-output>
        </test-method> <!-- ValidLogin -->
        <test-method is-config="true" signature="TearDown()[pri:0, instance:UITesting.Katalon.LoginTests@624ea235]" started-at="2023-08-15T07:05:31 IST" name="TearDown" finished-at="2023-08-15T07:05:32 IST" duration-ms="970" status="PASS">
          <reporter-output>
          </reporter-output>
        </test-method> <!-- TearDown -->
      </class> <!-- UITesting.Katalon.LoginTests -->
    </test> <!-- Default test -->
  </suite> <!-- Default suite -->
</testng-results>
