<?xml version="1.0" encoding="UTF-8"?>
<testng-results ignored="0" total="1" passed="1" failed="0" skipped="0">
  <reporter-output>
  </reporter-output>
  <suite started-at="2023-08-15T13:01:23 IST" name="Suite" finished-at="2023-08-15T13:01:29 IST" duration-ms="6087">
    <groups>
      <group name="positive">
        <method signature="LoginTests.ValidLogin()[pri:0, instance:UITesting.Katalon.LoginTests@6f43c82]" name="ValidLogin" class="UITesting.Katalon.LoginTests"/>
      </group> <!-- positive -->
    </groups>
    <test started-at="2023-08-15T13:01:23 IST" name="Test" finished-at="2023-08-15T13:01:29 IST" duration-ms="6087">
      <class name="UITesting.Katalon.LoginTests">
        <test-method is-config="true" signature="SetUp()[pri:0, instance:UITesting.Katalon.LoginTests@6f43c82]" started-at="2023-08-15T13:01:13 IST" name="SetUp" finished-at="2023-08-15T13:01:23 IST" duration-ms="10026" status="PASS">
          <reporter-output>
          </reporter-output>
        </test-method> <!-- SetUp -->
        <test-method signature="ValidLogin()[pri:0, instance:UITesting.Katalon.LoginTests@6f43c82]" started-at="2023-08-15T13:01:24 IST" name="ValidLogin" finished-at="2023-08-15T13:01:29 IST" duration-ms="5573" status="PASS">
          <reporter-output>
          </reporter-output>
        </test-method> <!-- ValidLogin -->
        <test-method is-config="true" signature="TearDown()[pri:0, instance:UITesting.Katalon.LoginTests@6f43c82]" started-at="2023-08-15T13:01:30 IST" name="TearDown" finished-at="2023-08-15T13:01:30 IST" duration-ms="563" status="PASS">
          <reporter-output>
          </reporter-output>
        </test-method> <!-- TearDown -->
      </class> <!-- UITesting.Katalon.LoginTests -->
    </test> <!-- Test -->
  </suite> <!-- Suite -->
</testng-results>
